
Starting report NEW_ EMP_LIST [Tue Jun 14 09:36:37 2016] ...
ORA-00942: table or view does not exist
FROM  EMP_INFO B, EMP_CAT C,  ==> PMIS_JOB_TITLE D 
End report NEW_ EMP_LIST [Tue Jun 14 09:36:42 2016].

Starting report MONTHLY_ATTENDANCE_REPORT_ALL [Tue Jun 14 09:42:55 2016] ...
End report MONTHLY_ATTENDANCE_REPORT_ALL [Tue Jun 14 09:44:33 2016].

Starting report RM_FM_MPO_MON_WISE_NSI_SALES [Tue Jun 14 09:54:42 2016] ...
End report RM_FM_MPO_MON_WISE_NSI_SALES [Tue Jun 14 09:56:10 2016].

Starting report ALL_AGENTS [Tue Jun 14 10:00:02 2016] ...
End report ALL_AGENTS [Tue Jun 14 10:00:08 2016].

Starting report ALL_AGENTS [Tue Jun 14 10:01:55 2016] ...
End report ALL_AGENTS [Tue Jun 14 10:02:20 2016].

Starting report ACCOUNT_STATEMENT [Tue Jun 14 10:04:27 2016] ...
End report ACCOUNT_STATEMENT [Tue Jun 14 10:04:55 2016].

Starting report ACCOUNT_STATEMENT [Tue Jun 14 10:08:21 2016] ...
End report ACCOUNT_STATEMENT [Tue Jun 14 10:08:50 2016].

Starting report ACCOUNT_STATEMENT [Tue Jun 14 10:09:25 2016] ...
End report ACCOUNT_STATEMENT [Tue Jun 14 10:09:57 2016].

Starting report REGION_DOC_LIST_AMNT [Tue Jun 14 10:20:40 2016] ...
End report REGION_DOC_LIST_AMNT [Tue Jun 14 10:20:54 2016].

Starting report REGION_DOC_LIST_AMNT [Tue Jun 14 10:23:37 2016] ...
End report REGION_DOC_LIST_AMNT [Tue Jun 14 10:24:04 2016].

Starting report REGION_DOC_LIST_AMNT [Tue Jun 14 10:25:31 2016] ...
End report REGION_DOC_LIST_AMNT [Tue Jun 14 10:26:12 2016].

Starting report DEPOT_BP_TOP_SHEET [Tue Jun 14 10:29:09 2016] ...
End report DEPOT_BP_TOP_SHEET [Tue Jun 14 10:29:14 2016].

Starting report DEPOT_BP_TOP_SHEET [Tue Jun 14 10:31:01 2016] ...
End report DEPOT_BP_TOP_SHEET [Tue Jun 14 10:31:03 2016].

Starting report BRAND_PART_NEW [Tue Jun 14 11:01:27 2016] ...
End report BRAND_PART_NEW [Tue Jun 14 11:04:23 2016].

Starting report BRAND_PART_NEW [Tue Jun 14 11:28:38 2016] ...
End report BRAND_PART_NEW [Tue Jun 14 11:28:52 2016].

Starting report A_FORM_1 [Tue May 31 12:13:19 2016] ...
End report A_FORM_1 [Tue May 31 12:13:29 2016].

Starting report SALE_COLL_DUES_STATEMENT_MIS [Tue Jun 14 13:28:52 2016] ...
End report SALE_COLL_DUES_STATEMENT_MIS [Tue Jun 14 13:31:31 2016].

Starting report SALE_COLL_DUES_STATEMENT_MIS [Tue Jun 14 13:31:38 2016] ...
End report SALE_COLL_DUES_STATEMENT_MIS [Tue Jun 14 13:33:29 2016].

Starting report SALE_COLL_DUES_STATEMENT_MIS_TOP_SHEET [Tue Jun 14 13:33:31 2016] ...
End report SALE_COLL_DUES_STATEMENT_MIS_TOP_SHEET [Tue Jun 14 13:35:11 2016].

Starting report SALE_COLL_DUES_STATEMENT_MIS_TOP_SHEET [Tue Jun 14 13:35:14 2016] ...
End report SALE_COLL_DUES_STATEMENT_MIS_TOP_SHEET [Tue Jun 14 13:39:05 2016].

Starting report SALE_COLL_DUES_STATEMENT_MIS_TOP_SHEET [Tue Jun 14 14:51:14 2016] ...
End report SALE_COLL_DUES_STATEMENT_MIS_TOP_SHEET [Tue Jun 14 14:55:39 2016].

Starting report SALE_COLL_DUES_STATEMENT_MIS [Tue Jun 14 15:03:42 2016] ...

Error submitting report [Tue Jun 14 15:26:42 2016] ...
REP-0060: Unable to run synchronous job concurrently with another report.
End report SALE_COLL_DUES_STATEMENT_MIS [Tue Jun 14 15:26:48 2016].

Starting report ACCOUNT_STATEMENT [Tue Jun 14 15:26:53 2016] ...
End report ACCOUNT_STATEMENT [Tue Jun 14 15:28:34 2016].

Starting report DR_VOUCHER [Mon Jan 16 11:21:00 2017] ...
ORA-00942: table or view does not exist
FROM  GL.VOUCHER_MAIN A,GL.VOUCHER_DTL B, GL.GL_COA C,GL.GL_COA D, GL. ==> GL_COA E 
End report DR_VOUCHER [Mon Jan 16 11:21:03 2017].

Starting report DR_VOUCHER [Mon Jan 16 11:53:48 2017] ...
ORA-00942: table or view does not exist
FROM  GL.VOUCHER_MAIN A,GL.VOUCHER_DTL B, GL.GL_COA C,GL.GL_COA D, GL. ==> GL_COA E 
End report DR_VOUCHER [Mon Jan 16 11:53:53 2017].

Starting report DR_VOUCHER [Mon Jan 16 11:54:28 2017] ...
ORA-00942: table or view does not exist
FROM  GL.VOUCHER_MAIN A,GL.VOUCHER_DTL B, GL.GL_COA C,GL.GL_COA D, GL. ==> GL_COA E 
End report DR_VOUCHER [Mon Jan 16 11:54:29 2017].

Starting report DR_VOUCHER_PRINT [Mon Jan 16 11:55:44 2017] ...
End report DR_VOUCHER_PRINT [Mon Jan 16 11:56:04 2017].

Starting report DR_VOUCHER [Mon Jan 16 11:56:08 2017] ...
ORA-00942: table or view does not exist
FROM  GL.VOUCHER_MAIN A,GL.VOUCHER_DTL B, GL.GL_COA C,GL.GL_COA D, GL. ==> GL_COA E 
End report DR_VOUCHER [Mon Jan 16 11:56:10 2017].

Starting report DR_VOUCHER [Mon Jan 16 11:57:00 2017] ...
End report DR_VOUCHER [Mon Jan 16 11:57:25 2017].

Starting report DR_VOUCHER [Mon Jan 16 11:57:33 2017] ...
ORA-00942: table or view does not exist
FROM  GL.VOUCHER_MAIN A,GL.VOUCHER_DTL B, GL.GL_COA C,GL.GL_COA D, GL. ==> GL_COA E 
End report DR_VOUCHER [Mon Jan 16 11:57:34 2017].

Starting report DR_VOUCHER [Mon Jan 16 11:58:27 2017] ...
End report DR_VOUCHER [Mon Jan 16 11:58:28 2017].

Starting report TRIAL_BALANCE [Mon Jan 16 12:02:06 2017] ...
End report TRIAL_BALANCE [Mon Jan 16 12:02:10 2017].

Starting report COA_LIST_NEW [Mon Jan 16 13:46:09 2017] ...
End report COA_LIST_NEW [Mon Jan 16 13:46:21 2017].

Starting report COA_LIST_NEW [Mon Jan 16 13:51:34 2017] ...
End report COA_LIST_NEW [Mon Jan 16 13:51:36 2017].

Starting report CASH_BOOK [Mon Jan 16 13:59:14 2017] ...
End report CASH_BOOK [Mon Jan 16 13:59:24 2017].

Starting report CASH_BOOK [Mon Jan 16 13:59:29 2017] ...
End report CASH_BOOK [Mon Jan 16 13:59:30 2017].

Starting report JV_BOOK [Mon Jan 16 13:59:32 2017] ...
End report JV_BOOK [Mon Jan 16 13:59:36 2017].

Starting report CASH_BOOK [Mon Jan 16 14:03:02 2017] ...
End report CASH_BOOK [Mon Jan 16 14:03:04 2017].

Starting report CASH_BOOK [Mon Jan 16 14:03:09 2017] ...
End report CASH_BOOK [Mon Jan 16 14:03:10 2017].

Starting report JV_BOOK [Mon Jan 16 14:03:12 2017] ...
End report JV_BOOK [Mon Jan 16 14:03:13 2017].

Starting report DR_VOUCHER [Mon Jan 16 14:06:46 2017] ...
End report DR_VOUCHER [Mon Jan 16 14:06:48 2017].

Starting report LEDGER_BOOK [Mon Jan 16 14:07:30 2017] ...
End report LEDGER_BOOK [Mon Jan 16 14:07:33 2017].

Starting report LEDGER_BOOK [Mon Jan 16 14:07:40 2017] ...
End report LEDGER_BOOK [Mon Jan 16 14:07:43 2017].

Starting report RECEIPT_PAYMENT [Mon Jan 16 14:16:47 2017] ...
End report RECEIPT_PAYMENT [Mon Jan 16 14:16:50 2017].

Starting report RECEIPT_PAYMENT [Mon Jan 16 14:16:53 2017] ...
End report RECEIPT_PAYMENT [Mon Jan 16 14:16:55 2017].

Starting report RECEIPT_PAYMENT [Mon Jan 16 14:16:57 2017] ...
End report RECEIPT_PAYMENT [Mon Jan 16 14:17:07 2017].

Starting report TRIAL_BALANCE [Mon Jan 16 14:21:37 2017] ...
End report TRIAL_BALANCE [Mon Jan 16 14:21:44 2017].

Starting report RECEIPT_PAYMENT [Mon Jan 16 14:21:50 2017] ...
End report RECEIPT_PAYMENT [Mon Jan 16 14:22:00 2017].

Starting report SESSION_WISE_STUDENT_LIST [Mon Jan 16 14:51:10 2017] ...
End report SESSION_WISE_STUDENT_LIST [Mon Jan 16 14:51:12 2017].

Starting report STUDENT_PROFILE [Mon Jan 16 14:51:23 2017] ...
End report STUDENT_PROFILE [Mon Jan 16 14:51:31 2017].

Starting report CS_CHALAN_WITHOUT_BATCH [Mon Jan 16 15:06:18 2017] ...
End report CS_CHALAN_WITHOUT_BATCH [Mon Jan 16 15:06:20 2017].

Starting report STOCK_TRANS_FGS [Mon Jan 16 15:06:26 2017] ...
REP-0110: Unable to open file 'X:\REPORTS\CSMS\STOCK_TRANS_FGS'.
REP-1070: Error while opening or saving a document.
REP-0110: Unable to open file 'X:\REPORTS\CSMS\STOCK_TRANS_FGS'.
End report STOCK_TRANS_FGS [Mon Jan 16 15:06:27 2017].

Starting report SAMPLE_STORE_CHALAN [Mon Jan 16 15:07:33 2017] ...
End report SAMPLE_STORE_CHALAN [Mon Jan 16 15:07:37 2017].

Starting report COA_LIST_NEW [Mon Jan 16 15:12:05 2017] ...
End report COA_LIST_NEW [Mon Jan 16 15:12:20 2017].

Starting report ALL_CAND_MON [Mon Jan 16 15:13:11 2017] ...
End report ALL_CAND_MON [Mon Jan 16 15:13:15 2017].

Starting report ALL_CAND [Mon Jan 16 15:13:17 2017] ...
End report ALL_CAND [Mon Jan 16 15:13:18 2017].

Starting report UNIQUE_CAND [Mon Jan 16 15:13:22 2017] ...
End report UNIQUE_CAND [Mon Jan 16 15:13:24 2017].

Starting report ALL_AGENTS [Mon Jan 16 15:13:33 2017] ...
End report ALL_AGENTS [Mon Jan 16 15:13:35 2017].

Starting report ALL_PROJECT [Mon Jan 16 15:13:37 2017] ...
End report ALL_PROJECT [Mon Jan 16 15:13:39 2017].

Starting report ALL_TRADE [Mon Jan 16 15:13:41 2017] ...
End report ALL_TRADE [Mon Jan 16 15:13:43 2017].

Starting report ALL_CAND [Tue Jan 17 09:52:05 2017] ...
End report ALL_CAND [Tue Jan 17 09:52:15 2017].

Starting report NEW_ EMP_LIST [Tue Jan 17 09:52:19 2017] ...
ORA-00942: table or view does not exist
FROM  EMP_INFO B, EMP_CAT C,  ==> PMIS_JOB_TITLE D 
End report NEW_ EMP_LIST [Tue Jan 17 09:52:23 2017].

Starting report ALL_AGENTS [Tue Jan 17 09:52:27 2017] ...
End report ALL_AGENTS [Tue Jan 17 09:52:29 2017].

Starting report ALL_AGENTS [Tue Jan 17 09:52:33 2017] ...
End report ALL_AGENTS [Tue Jan 17 09:52:34 2017].

Starting report NEW_ EMP_LIST [Tue Jan 17 09:52:37 2017] ...
ORA-00942: table or view does not exist
FROM  EMP_INFO B, EMP_CAT C,  ==> PMIS_JOB_TITLE D 
End report NEW_ EMP_LIST [Tue Jan 17 09:52:39 2017].

Starting report NEW_ EMP_LIST [Tue Jan 17 09:54:02 2017] ...
ORA-00942: table or view does not exist
FROM  EMP_INFO B, EMP_CAT C,  ==> PMIS_JOB_TITLE D 
End report NEW_ EMP_LIST [Tue Jan 17 09:54:03 2017].

Starting report ALL_AGENTS [Tue Jan 17 11:10:47 2017] ...
End report ALL_AGENTS [Tue Jan 17 11:10:52 2017].

Starting report ALL_PROJECT [Tue Jan 17 11:10:54 2017] ...
End report ALL_PROJECT [Tue Jan 17 11:10:55 2017].

Starting report ALL_TRADE [Tue Jan 17 11:10:57 2017] ...
End report ALL_TRADE [Tue Jan 17 11:10:59 2017].

Starting report ALL_TRADE [Tue Jan 17 11:11:03 2017] ...
End report ALL_TRADE [Tue Jan 17 11:11:17 2017].

Starting report ALL_TRADE [Tue Jan 17 11:11:18 2017] ...
End report ALL_TRADE [Tue Jan 17 11:11:20 2017].

Starting report ALL_TRADE [Tue Jan 17 11:12:46 2017] ...
End report ALL_TRADE [Tue Jan 17 11:12:48 2017].

Starting report ALL_CAND_MON [Tue Jan 17 11:12:54 2017] ...
End report ALL_CAND_MON [Tue Jan 17 11:13:02 2017].

Starting report ALL_CAND [Tue Jan 17 11:13:05 2017] ...
End report ALL_CAND [Tue Jan 17 11:14:12 2017].

Starting report DS_MON_SERV_FM_FINAL [Tue Jan 17 13:58:43 2017] ...
End report DS_MON_SERV_FM_FINAL [Tue Jan 17 13:59:00 2017].

Starting report DS_MON_WISE_DOC_SERV_RM [Tue Jan 17 13:59:03 2017] ...
End report DS_MON_WISE_DOC_SERV_RM [Tue Jan 17 13:59:06 2017].

Starting report TRADE_WISE_CAND [Tue Jan 17 16:33:21 2017] ...
End report TRADE_WISE_CAND [Tue Jan 17 16:34:37 2017].

Starting report COA_LIST_NEW [Thu Jan 19 10:40:52 2017] ...
End report COA_LIST_NEW [Thu Jan 19 10:41:10 2017].

Starting report DR_VOUCHER [Thu Jan 19 10:41:22 2017] ...
End report DR_VOUCHER [Thu Jan 19 10:41:39 2017].

Starting report DR_VOUCHER [Thu Jan 19 10:43:06 2017] ...
End report DR_VOUCHER [Thu Jan 19 10:43:16 2017].

Starting report CR_VOUCHER [Thu Jan 19 10:43:20 2017] ...
End report CR_VOUCHER [Thu Jan 19 10:43:23 2017].

Starting report DR_VOUCHER [Thu Jan 19 10:43:46 2017] ...
End report DR_VOUCHER [Thu Jan 19 10:43:48 2017].

Starting report DR_VOUCHER [Thu Jan 19 10:44:07 2017] ...
End report DR_VOUCHER [Thu Jan 19 10:44:11 2017].

Starting report CASH_BOOK [Thu Jan 19 10:44:45 2017] ...
End report CASH_BOOK [Thu Jan 19 10:44:46 2017].

Starting report CASH_BOOK [Thu Jan 19 10:44:50 2017] ...
End report CASH_BOOK [Thu Jan 19 10:45:12 2017].

Starting report CASH_BOOK [Thu Jan 19 10:45:17 2017] ...
End report CASH_BOOK [Thu Jan 19 10:45:18 2017].

Starting report JV_BOOK [Thu Jan 19 10:45:20 2017] ...
End report JV_BOOK [Thu Jan 19 10:45:21 2017].

Starting report LEDGER_BOOK [Thu Jan 19 10:45:27 2017] ...
End report LEDGER_BOOK [Thu Jan 19 10:45:28 2017].

Starting report LEDGER_BOOK [Thu Jan 19 10:45:33 2017] ...
End report LEDGER_BOOK [Thu Jan 19 10:45:38 2017].

Starting report RECEIPT_PAYMENT [Thu Jan 19 10:45:45 2017] ...
End report RECEIPT_PAYMENT [Thu Jan 19 10:45:58 2017].

Starting report RECEIPT_PAYMENT [Thu Jan 19 10:46:00 2017] ...
End report RECEIPT_PAYMENT [Thu Jan 19 10:46:02 2017].

Starting report TRIAL_BALANCE [Thu Jan 19 10:46:05 2017] ...
End report TRIAL_BALANCE [Thu Jan 19 10:46:15 2017].

Starting report REGION_DOC_LIST_AMNT [Thu Jan 19 11:04:44 2017] ...
End report REGION_DOC_LIST_AMNT [Thu Jan 19 11:04:49 2017].
