
Starting report DR_CR_VOUCHER [Sat Jan 14 09:15:59 2017] ...
ORA-00942: table or view does not exist
FROM GL.VOUCHER_MAIN A,GL.VOUCHER_DTL B, GL.GL_COA C,GL. ==> GL_COA D
End report DR_CR_VOUCHER [Sat Jan 14 09:16:02 2017].

Starting report ALL_PROJECT [Sat Jan 14 09:37:04 2017] ...
End report ALL_PROJECT [Sat Jan 14 09:37:32 2017].

Starting report ALL_AGENTS [Sat Jan 14 09:45:51 2017] ...
End report ALL_AGENTS [Sat Jan 14 09:45:58 2017].

Starting report DAILY_SALES_ANA_RSM_NSI [Sat Jan 14 09:47:00 2017] ...
End report DAILY_SALES_ANA_RSM_NSI [Sat Jan 14 09:59:04 2017].

Starting report DEPOT_PROD_STOCK_VS_SALE [Sat Jan 14 09:59:31 2017] ...
End report DEPOT_PROD_STOCK_VS_SALE [Sat Jan 14 10:11:49 2017].

Starting report ALL_AGENTS [Sat Jan 14 10:31:57 2017] ...
End report ALL_AGENTS [Sat Jan 14 10:32:00 2017].

Starting report ALL_AGENTS [Sat Jan 14 10:33:47 2017] ...
End report ALL_AGENTS [Sat Jan 14 10:34:10 2017].

Starting report ALL_AGENTS [Sat Jan 14 10:34:37 2017] ...
End report ALL_AGENTS [Sat Jan 14 10:34:39 2017].

Starting report NEW_ EMP_LIST [Sat Jan 14 11:04:50 2017] ...
ORA-00942: table or view does not exist
FROM  EMP_INFO B, EMP_CAT C,  ==> PMIS_JOB_TITLE D 
End report NEW_ EMP_LIST [Sat Jan 14 11:04:52 2017].

Starting report ALL_AGENTS [Sat Jan 14 11:04:58 2017] ...
End report ALL_AGENTS [Sat Jan 14 11:04:59 2017].

Starting report ALL_TRADE [Sat Jan 14 11:05:06 2017] ...
End report ALL_TRADE [Sat Jan 14 11:05:07 2017].

Starting report ALL_TRADE [Sat Jan 14 11:06:33 2017] ...
End report ALL_TRADE [Sat Jan 14 11:06:35 2017].

Starting report ALL_TRADE [Sat Jan 14 11:10:10 2017] ...
End report ALL_TRADE [Sat Jan 14 11:10:29 2017].

Starting report ALL_TRADE [Sat Jan 14 11:11:41 2017] ...
End report ALL_TRADE [Sat Jan 14 11:11:54 2017].

Starting report ALL_PROJECT [Sat Jan 14 11:12:01 2017] ...
End report ALL_PROJECT [Sat Jan 14 11:12:02 2017].

Starting report ALL_PROJECT [Sat Jan 14 11:13:27 2017] ...
End report ALL_PROJECT [Sat Jan 14 11:13:32 2017].

Starting report ALL_AGENTS [Sat Jan 14 11:13:47 2017] ...
End report ALL_AGENTS [Sat Jan 14 11:13:49 2017].

Starting report ALL_AGENTS [Sat Jan 14 11:15:48 2017] ...
End report ALL_AGENTS [Sat Jan 14 11:15:51 2017].

Starting report ALL_AGENTS [Sat Jan 14 11:18:37 2017] ...
End report ALL_AGENTS [Sat Jan 14 11:18:39 2017].

Starting report ALL_AGENTS [Sat Jan 14 11:18:42 2017] ...
End report ALL_AGENTS [Sat Jan 14 11:18:43 2017].

Starting report ALL_PROJECT [Sat Jan 14 11:23:55 2017] ...
End report ALL_PROJECT [Sat Jan 14 11:24:06 2017].

Starting report NEW_ EMP_LIST [Sat Jan 14 11:28:11 2017] ...
ORA-00942: table or view does not exist
FROM  EMP_INFO B, EMP_CAT C,  ==> PMIS_JOB_TITLE D 
End report NEW_ EMP_LIST [Sat Jan 14 11:28:12 2017].

Starting report ALL_TRADE [Sat Jan 14 11:30:07 2017] ...
End report ALL_TRADE [Sat Jan 14 11:30:10 2017].

Starting report ALL_CAND [Sat Jan 14 11:30:28 2017] ...
End report ALL_CAND [Sat Jan 14 11:30:54 2017].

Starting report UNIQUE_CAND [Sat Jan 14 11:30:58 2017] ...
End report UNIQUE_CAND [Sat Jan 14 11:31:00 2017].

Starting report ALL_AGENTS [Sat Jan 14 11:31:03 2017] ...
End report ALL_AGENTS [Sat Jan 14 11:31:04 2017].

Starting report ALL_PROJECT [Sat Jan 14 11:31:06 2017] ...
End report ALL_PROJECT [Sat Jan 14 11:31:07 2017].

Starting report ALL_TRADE [Sat Jan 14 11:31:08 2017] ...
End report ALL_TRADE [Sat Jan 14 11:31:10 2017].

Starting report ALL_CAND [Sat Jan 14 11:31:20 2017] ...
End report ALL_CAND [Sat Jan 14 11:32:04 2017].

Starting report NEW_EMP_LIST [Sat Jan 14 11:35:41 2017] ...
REP-0110: Unable to open file 'F:\EW\REPORTS\EW\NEW_EMP_LIST.REP'.
REP-1070: Error while opening or saving a document.
REP-0110: Unable to open file 'F:\EW\REPORTS\EW\NEW_EMP_LIST.REP'.
End report NEW_EMP_LIST [Sat Jan 14 11:35:41 2017].

Starting report ALL_CAND [Sat Jan 14 11:36:59 2017] ...
End report ALL_CAND [Sat Jan 14 11:37:36 2017].

Starting report ALL_CAND [Sat Jan 14 11:38:20 2017] ...
End report ALL_CAND [Sat Jan 14 11:38:22 2017].

Starting report ALL_CAND [Sat Jan 14 11:42:24 2017] ...
End report ALL_CAND [Sat Jan 14 11:42:48 2017].

Starting report ALL_CAND [Sat Jan 14 11:45:29 2017] ...
End report ALL_CAND [Sat Jan 14 11:45:58 2017].

Starting report ALL_CAND [Sat Jan 14 11:47:34 2017] ...
End report ALL_CAND [Sat Jan 14 11:48:07 2017].

Starting report ALL_CAND [Sat Jan 14 11:48:24 2017] ...
End report ALL_CAND [Sat Jan 14 11:48:45 2017].

Starting report ALL_CAND [Sat Jan 14 11:48:52 2017] ...
End report ALL_CAND [Sat Jan 14 11:49:22 2017].

Starting report ALL_CAND [Sat Jan 14 11:49:31 2017] ...
End report ALL_CAND [Sat Jan 14 11:49:45 2017].

Starting report UNIQUE_CAND [Sat Jan 14 11:49:50 2017] ...
End report UNIQUE_CAND [Sat Jan 14 11:49:53 2017].

Starting report NEW_ EMP_LIST [Sat Jan 14 11:50:16 2017] ...
ORA-00942: table or view does not exist
FROM  EMP_INFO B, EMP_CAT C,  ==> PMIS_JOB_TITLE D 
End report NEW_ EMP_LIST [Sat Jan 14 11:50:17 2017].

Starting report UNIQUE_CAND [Sat Jan 14 11:50:29 2017] ...
End report UNIQUE_CAND [Sat Jan 14 11:51:05 2017].

Starting report ALL_CAND [Sat Jan 14 12:31:05 2017] ...
End report ALL_CAND [Sat Jan 14 12:31:07 2017].

Starting report ALL_CAND [Sat Jan 14 12:46:23 2017] ...
End report ALL_CAND [Sat Jan 14 12:46:24 2017].

Starting report ALL_CAND_MON [Sat Jan 14 12:47:40 2017] ...
End report ALL_CAND_MON [Sat Jan 14 12:47:41 2017].

Starting report ALL_CAND [Sat Jan 14 12:47:43 2017] ...
End report ALL_CAND [Sat Jan 14 12:47:45 2017].

Starting report UNIQUE_CAND [Sat Jan 14 12:49:12 2017] ...
End report UNIQUE_CAND [Sat Jan 14 12:49:14 2017].

Starting report UNIQUE_CAND [Sat Jan 14 12:49:18 2017] ...
End report UNIQUE_CAND [Sat Jan 14 12:49:21 2017].

Starting report ALL_AGENTS [Sat Jan 14 12:49:23 2017] ...
End report ALL_AGENTS [Sat Jan 14 12:49:29 2017].

Starting report ALL_AGENTS [Sat Jan 14 12:52:25 2017] ...
End report ALL_AGENTS [Sat Jan 14 12:52:26 2017].

Starting report ALL_PROJECT [Sat Jan 14 12:52:28 2017] ...
End report ALL_PROJECT [Sat Jan 14 12:52:37 2017].

Starting report ALL_PROJECT [Sat Jan 14 12:52:46 2017] ...
End report ALL_PROJECT [Sat Jan 14 12:52:51 2017].

Starting report RX_PRODUCT_REPORT [Sat Jan 14 15:17:28 2017] ...
End report RX_PRODUCT_REPORT [Sat Jan 14 15:18:02 2017].

Starting report INCENTIVE_PRODUCT_REPORT [Sat Jan 14 15:32:40 2017] ...
End report INCENTIVE_PRODUCT_REPORT [Sat Jan 14 15:32:47 2017].

Starting report INCENTIVE_PRODUCT_REPORT [Sat Jan 14 15:32:52 2017] ...
End report INCENTIVE_PRODUCT_REPORT [Sat Jan 14 15:33:06 2017].

Starting report INCENTIVE_PRODUCT_REPORT [Sat Jan 14 15:40:16 2017] ...
End report INCENTIVE_PRODUCT_REPORT [Sat Jan 14 15:40:36 2017].

Starting report DAILY_SALES_PROD_MPO_WISE_V2 [Sat Jan 14 15:42:31 2017] ...
End report DAILY_SALES_PROD_MPO_WISE_V2 [Sat Jan 14 15:42:33 2017].

Starting report DAILY_SALES_PROD_MPO_WISE_V2 [Sat Jan 14 15:42:40 2017] ...
End report DAILY_SALES_PROD_MPO_WISE_V2 [Sat Jan 14 15:42:47 2017].

Starting report INCENTIVE_PRODUCT_REPORT [Sat Jan 14 15:43:04 2017] ...
End report INCENTIVE_PRODUCT_REPORT [Sat Jan 14 15:44:40 2017].

Starting report DAILY_SALES_PROD_MPO_WISE_V2 [Sat Jan 14 15:45:07 2017] ...
End report DAILY_SALES_PROD_MPO_WISE_V2 [Sat Jan 14 15:45:38 2017].

Starting report INCENTIVE_PRODUCT_REPORT [Sat Jan 14 15:48:55 2017] ...
End report INCENTIVE_PRODUCT_REPORT [Sat Jan 14 15:51:32 2017].

Starting report OCORAL_MONTHLY_SALE [Sat Jan 14 16:11:03 2017] ...
End report OCORAL_MONTHLY_SALE [Sat Jan 14 16:13:21 2017].

Starting report OCORAL_MONTHLY_SALE [Sat Jan 14 16:13:46 2017] ...
End report OCORAL_MONTHLY_SALE [Sat Jan 14 16:20:00 2017].

Starting report OCORAL_MONTHLY_SALE [Sat Jan 14 16:30:56 2017] ...
End report OCORAL_MONTHLY_SALE [Sat Jan 14 16:32:09 2017].

Starting report OCRL_RPT [Sat Jan 14 16:32:37 2017] ...
End report OCRL_RPT [Sat Jan 14 16:33:52 2017].

Starting report OCORAL_MONTHLY_SALE [Sat Jan 14 16:36:26 2017] ...
End report OCORAL_MONTHLY_SALE [Sat Jan 14 16:36:42 2017].

Starting report DEPOT_ORCL_EX_DOC_LIST [Sat Jan 14 16:36:46 2017] ...
End report DEPOT_ORCL_EX_DOC_LIST [Sat Jan 14 16:37:19 2017].

Starting report DEPOT_ORCL_CCEL_DOC_LIST [Sat Jan 14 16:37:22 2017] ...
End report DEPOT_ORCL_CCEL_DOC_LIST [Sat Jan 14 16:37:24 2017].

Starting report DOC_OCRL_AMNT [Sat Jan 14 16:37:56 2017] ...
End report DOC_OCRL_AMNT [Sat Jan 14 16:38:22 2017].

Starting report DOC_OCRL_AMNT [Sat Jan 14 16:38:30 2017] ...
End report DOC_OCRL_AMNT [Sat Jan 14 16:38:50 2017].

Starting report DOC_OCRL_AMNT [Sat Jan 14 16:39:00 2017] ...
End report DOC_OCRL_AMNT [Sat Jan 14 16:39:15 2017].

Starting report DEPOT_PROD_STOCK_VS_SALE [Sat Jan 14 17:11:28 2017] ...
End report DEPOT_PROD_STOCK_VS_SALE [Sat Jan 14 17:14:16 2017].
